<?xml version="1.0" encoding="UTF-8"?>
<!-- Generated by org.testng.reporters.JUnitReportReporter -->
<testsuite skipped="0" hostname="LAPTOP-UO35TUJG" name="Maven.selenium.testNG" tests="1" failures="0" timestamp="2021-02-10T00:09:16 IST" time="37.827" errors="0">
  <testcase name="testmethod" time="37.827" classname="Maven.selenium.testNG"/>
</testsuite> <!-- Maven.selenium.testNG -->
